# JRE version: OpenJDK Runtime Environment Temurin-21.0.7+6 (21.0.7+6) (build 21.0.7+6-LTS)
# Java VM: OpenJDK 64-Bit Server VM Temurin-21.0.7+6 (21.0.7+6-LTS, mixed mode, sharing, tiered, compressed oops, compressed class ptrs, parallel gc, windows-amd64)
GC Precious Log:
 CardTable entry size: 512
 CPUs: 8 total, 8 available
 Memory: 16263M
 Large Page Support: Disabled
 NUMA Support: Disabled
 Compressed Oops: Enabled (32-bit)
 Alignments: Space 512K, Generation 512K, Heap 2M
 Heap Min Capacity: 100M
 Heap Initial Capacity: 100M
 Heap Max Capacity: 2G
 Pre-touch: Disabled
 Parallel Workers: 8
Heap:
 PSYoungGen      total 22528K, used 11610K [0x00000000d5580000, 0x00000000d7280000, 0x0000000100000000)
  eden space 20992K, 48% used [0x00000000d5580000,0x00000000d5f5a128,0x00000000d6a00000)
  from space 1536K, 99% used [0x00000000d7100000,0x00000000d727c9e0,0x00000000d7280000)
  to   space 3584K, 0% used [0x00000000d6b80000,0x00000000d6b80000,0x00000000d6f00000)
 ParOldGen       total 68608K, used 35926K [0x0000000080000000, 0x0000000084300000, 0x00000000d5580000)
  object space 68608K, 52% used [0x0000000080000000,0x00000000823159d0,0x0000000084300000)
 Metaspace       used 42887K, committed 43968K, reserved 1114112K
  class space    used 4262K, committed 4736K, reserved 1048576K
GC Heap History (20 events):
Event: 15.468 GC heap before
{Heap before GC invocations=15 (full 2):
 PSYoungGen      total 23552K, used 22016K [0x00000000d5580000, 0x00000000d7080000, 0x0000000100000000)
  eden space 22016K, 100% used [0x00000000d5580000,0x00000000d6b00000,0x00000000d6b00000)
  from space 1536K, 0% used [0x00000000d6f00000,0x00000000d6f00000,0x00000000d7080000)
  to   space 2048K, 0% used [0x00000000d6c80000,0x00000000d6c80000,0x00000000d6e80000)
 ParOldGen       total 68608K, used 18009K [0x0000000080000000, 0x0000000084300000, 0x00000000d5580000)
  object space 68608K, 26% used [0x0000000080000000,0x0000000081196700,0x0000000084300000)
 Metaspace       used 35493K, committed 36416K, reserved 1114112K
  class space    used 3623K, committed 4032K, reserved 1048576K
}
Event: 15.474 GC heap after
{Heap after GC invocations=15 (full 2):
 PSYoungGen      total 24064K, used 2018K [0x00000000d5580000, 0x00000000d7000000, 0x0000000100000000)
  eden space 22016K, 0% used [0x00000000d5580000,0x00000000d5580000,0x00000000d6b00000)
  from space 2048K, 98% used [0x00000000d6c80000,0x00000000d6e78820,0x00000000d6e80000)
  to   space 1536K, 0% used [0x00000000d6e80000,0x00000000d6e80000,0x00000000d7000000)
 ParOldGen       total 68608K, used 18113K [0x0000000080000000, 0x0000000084300000, 0x00000000d5580000)
  object space 68608K, 26% used [0x0000000080000000,0x00000000811b0710,0x0000000084300000)
 Metaspace       used 35493K, committed 36416K, reserved 1114112K
  class space    used 3623K, committed 4032K, reserved 1048576K
}
Event: 15.825 GC heap before
{Heap before GC invocations=16 (full 2):
 PSYoungGen      total 24064K, used 24034K [0x00000000d5580000, 0x00000000d7000000, 0x0000000100000000)
  eden space 22016K, 100% used [0x00000000d5580000,0x00000000d6b00000,0x00000000d6b00000)
  from space 2048K, 98% used [0x00000000d6c80000,0x00000000d6e78820,0x00000000d6e80000)
  to   space 1536K, 0% used [0x00000000d6e80000,0x00000000d6e80000,0x00000000d7000000)
 ParOldGen       total 68608K, used 18113K [0x0000000080000000, 0x0000000084300000, 0x00000000d5580000)
  object space 68608K, 26% used [0x0000000080000000,0x00000000811b0710,0x0000000084300000)
 Metaspace       used 35748K, committed 36800K, reserved 1114112K
  class space    used 3635K, committed 4096K, reserved 1048576K
}
Event: 15.832 GC heap after
{Heap after GC invocations=16 (full 2):
 PSYoungGen      total 22528K, used 1520K [0x00000000d5580000, 0x00000000d7400000, 0x0000000100000000)
  eden space 20992K, 0% used [0x00000000d5580000,0x00000000d5580000,0x00000000d6a00000)
  from space 1536K, 98% used [0x00000000d6e80000,0x00000000d6ffc040,0x00000000d7000000)
  to   space 4608K, 0% used [0x00000000d6a00000,0x00000000d6a00000,0x00000000d6e80000)
 ParOldGen       total 68608K, used 20636K [0x0000000080000000, 0x0000000084300000, 0x00000000d5580000)
  object space 68608K, 30% used [0x0000000080000000,0x0000000081427150,0x0000000084300000)
 Metaspace       used 35748K, committed 36800K, reserved 1114112K
  class space    used 3635K, committed 4096K, reserved 1048576K
}
Event: 16.023 GC heap before
{Heap before GC invocations=17 (full 2):
 PSYoungGen      total 22528K, used 22512K [0x00000000d5580000, 0x00000000d7400000, 0x0000000100000000)
  eden space 20992K, 100% used [0x00000000d5580000,0x00000000d6a00000,0x00000000d6a00000)
  from space 1536K, 98% used [0x00000000d6e80000,0x00000000d6ffc040,0x00000000d7000000)
  to   space 4608K, 0% used [0x00000000d6a00000,0x00000000d6a00000,0x00000000d6e80000)
 ParOldGen       total 68608K, used 20636K [0x0000000080000000, 0x0000000084300000, 0x00000000d5580000)
  object space 68608K, 30% used [0x0000000080000000,0x0000000081427150,0x0000000084300000)
 Metaspace       used 35849K, committed 36864K, reserved 1114112K
  class space    used 3652K, committed 4096K, reserved 1048576K
}
Event: 16.029 GC heap after
{Heap after GC invocations=17 (full 2):
 PSYoungGen      total 23040K, used 1860K [0x00000000d5580000, 0x00000000d7000000, 0x0000000100000000)
  eden space 20992K, 0% used [0x00000000d5580000,0x00000000d5580000,0x00000000d6a00000)
  from space 2048K, 90% used [0x00000000d6a00000,0x00000000d6bd1000,0x00000000d6c00000)
  to   space 3072K, 0% used [0x00000000d6d00000,0x00000000d6d00000,0x00000000d7000000)
 ParOldGen       total 68608K, used 22170K [0x0000000080000000, 0x0000000084300000, 0x00000000d5580000)
  object space 68608K, 32% used [0x0000000080000000,0x00000000815a6b40,0x0000000084300000)
 Metaspace       used 35849K, committed 36864K, reserved 1114112K
  class space    used 3652K, committed 4096K, reserved 1048576K
}
Event: 16.147 GC heap before
{Heap before GC invocations=18 (full 2):
 PSYoungGen      total 23040K, used 22852K [0x00000000d5580000, 0x00000000d7000000, 0x0000000100000000)
  eden space 20992K, 100% used [0x00000000d5580000,0x00000000d6a00000,0x00000000d6a00000)
  from space 2048K, 90% used [0x00000000d6a00000,0x00000000d6bd1000,0x00000000d6c00000)
  to   space 3072K, 0% used [0x00000000d6d00000,0x00000000d6d00000,0x00000000d7000000)
 ParOldGen       total 68608K, used 22170K [0x0000000080000000, 0x0000000084300000, 0x00000000d5580000)
  object space 68608K, 32% used [0x0000000080000000,0x00000000815a6b40,0x0000000084300000)
 Metaspace       used 35999K, committed 36992K, reserved 1114112K
  class space    used 3664K, committed 4096K, reserved 1048576K
}
Event: 16.152 GC heap after
{Heap after GC invocations=18 (full 2):
 PSYoungGen      total 23040K, used 1728K [0x00000000d5580000, 0x00000000d6f00000, 0x0000000100000000)
  eden space 20992K, 0% used [0x00000000d5580000,0x00000000d5580000,0x00000000d6a00000)
  from space 2048K, 84% used [0x00000000d6d00000,0x00000000d6eb0000,0x00000000d6f00000)
  to   space 2048K, 0% used [0x00000000d6a00000,0x00000000d6a00000,0x00000000d6c00000)
 ParOldGen       total 68608K, used 23904K [0x0000000080000000, 0x0000000084300000, 0x00000000d5580000)
  object space 68608K, 34% used [0x0000000080000000,0x0000000081758168,0x0000000084300000)
 Metaspace       used 35999K, committed 36992K, reserved 1114112K
  class space    used 3664K, committed 4096K, reserved 1048576K
}
Event: 16.394 GC heap before
{Heap before GC invocations=19 (full 2):
 PSYoungGen      total 23040K, used 22720K [0x00000000d5580000, 0x00000000d6f00000, 0x0000000100000000)
  eden space 20992K, 100% used [0x00000000d5580000,0x00000000d6a00000,0x00000000d6a00000)
  from space 2048K, 84% used [0x00000000d6d00000,0x00000000d6eb0000,0x00000000d6f00000)
  to   space 2048K, 0% used [0x00000000d6a00000,0x00000000d6a00000,0x00000000d6c00000)
 ParOldGen       total 68608K, used 23904K [0x0000000080000000, 0x0000000084300000, 0x00000000d5580000)
  object space 68608K, 34% used [0x0000000080000000,0x0000000081758168,0x0000000084300000)
 Metaspace       used 36307K, committed 37248K, reserved 1114112K
  class space    used 3691K, committed 4096K, reserved 1048576K
}
Event: 16.400 GC heap after
{Heap after GC invocations=19 (full 2):
 PSYoungGen      total 23040K, used 1920K [0x00000000d5580000, 0x00000000d6e00000, 0x0000000100000000)
  eden space 20992K, 0% used [0x00000000d5580000,0x00000000d5580000,0x00000000d6a00000)
  from space 2048K, 93% used [0x00000000d6a00000,0x00000000d6be0010,0x00000000d6c00000)
  to   space 2048K, 0% used [0x00000000d6c00000,0x00000000d6c00000,0x00000000d6e00000)
 ParOldGen       total 68608K, used 25432K [0x0000000080000000, 0x0000000084300000, 0x00000000d5580000)
  object space 68608K, 37% used [0x0000000080000000,0x00000000818d6168,0x0000000084300000)
 Metaspace       used 36307K, committed 37248K, reserved 1114112K
  class space    used 3691K, committed 4096K, reserved 1048576K
}
Event: 16.713 GC heap before
{Heap before GC invocations=20 (full 2):
 PSYoungGen      total 23040K, used 22912K [0x00000000d5580000, 0x00000000d6e00000, 0x0000000100000000)
  eden space 20992K, 100% used [0x00000000d5580000,0x00000000d6a00000,0x00000000d6a00000)
  from space 2048K, 93% used [0x00000000d6a00000,0x00000000d6be0010,0x00000000d6c00000)
  to   space 2048K, 0% used [0x00000000d6c00000,0x00000000d6c00000,0x00000000d6e00000)
 ParOldGen       total 68608K, used 25432K [0x0000000080000000, 0x0000000084300000, 0x00000000d5580000)
  object space 68608K, 37% used [0x0000000080000000,0x00000000818d6168,0x0000000084300000)
 Metaspace       used 36515K, committed 37504K, reserved 1114112K
  class space    used 3699K, committed 4096K, reserved 1048576K
}
Event: 16.721 GC heap after
{Heap after GC invocations=20 (full 2):
 PSYoungGen      total 23040K, used 1760K [0x00000000d5580000, 0x00000000d6e00000, 0x0000000100000000)
  eden space 20992K, 0% used [0x00000000d5580000,0x00000000d5580000,0x00000000d6a00000)
  from space 2048K, 85% used [0x00000000d6c00000,0x00000000d6db8000,0x00000000d6e00000)
  to   space 2048K, 0% used [0x00000000d6a00000,0x00000000d6a00000,0x00000000d6c00000)
 ParOldGen       total 68608K, used 27272K [0x0000000080000000, 0x0000000084300000, 0x00000000d5580000)
  object space 68608K, 39% used [0x0000000080000000,0x0000000081aa2178,0x0000000084300000)
 Metaspace       used 36515K, committed 37504K, reserved 1114112K
  class space    used 3699K, committed 4096K, reserved 1048576K
}
Event: 17.340 GC heap before
{Heap before GC invocations=21 (full 2):
 PSYoungGen      total 23040K, used 22752K [0x00000000d5580000, 0x00000000d6e00000, 0x0000000100000000)
  eden space 20992K, 100% used [0x00000000d5580000,0x00000000d6a00000,0x00000000d6a00000)
  from space 2048K, 85% used [0x00000000d6c00000,0x00000000d6db8000,0x00000000d6e00000)
  to   space 2048K, 0% used [0x00000000d6a00000,0x00000000d6a00000,0x00000000d6c00000)
 ParOldGen       total 68608K, used 27272K [0x0000000080000000, 0x0000000084300000, 0x00000000d5580000)
  object space 68608K, 39% used [0x0000000080000000,0x0000000081aa2178,0x0000000084300000)
 Metaspace       used 37537K, committed 38400K, reserved 1114112K
  class space    used 3775K, committed 4160K, reserved 1048576K
}
Event: 17.350 GC heap after
{Heap after GC invocations=21 (full 2):
 PSYoungGen      total 23040K, used 2038K [0x00000000d5580000, 0x00000000d7a00000, 0x0000000100000000)
  eden space 20992K, 0% used [0x00000000d5580000,0x00000000d5580000,0x00000000d6a00000)
  from space 2048K, 99% used [0x00000000d6a00000,0x00000000d6bfd9b8,0x00000000d6c00000)
  to   space 8192K, 0% used [0x00000000d7200000,0x00000000d7200000,0x00000000d7a00000)
 ParOldGen       total 68608K, used 32304K [0x0000000080000000, 0x0000000084300000, 0x00000000d5580000)
  object space 68608K, 47% used [0x0000000080000000,0x0000000081f8c398,0x0000000084300000)
 Metaspace       used 37537K, committed 38400K, reserved 1114112K
  class space    used 3775K, committed 4160K, reserved 1048576K
}
Event: 18.048 GC heap before
{Heap before GC invocations=22 (full 2):
 PSYoungGen      total 23040K, used 23030K [0x00000000d5580000, 0x00000000d7a00000, 0x0000000100000000)
  eden space 20992K, 100% used [0x00000000d5580000,0x00000000d6a00000,0x00000000d6a00000)
  from space 2048K, 99% used [0x00000000d6a00000,0x00000000d6bfd9b8,0x00000000d6c00000)
  to   space 8192K, 0% used [0x00000000d7200000,0x00000000d7200000,0x00000000d7a00000)
 ParOldGen       total 68608K, used 32304K [0x0000000080000000, 0x0000000084300000, 0x00000000d5580000)
  object space 68608K, 47% used [0x0000000080000000,0x0000000081f8c398,0x0000000084300000)
 Metaspace       used 37868K, committed 38784K, reserved 1114112K
  class space    used 3796K, committed 4224K, reserved 1048576K
}
Event: 18.057 GC heap after
{Heap after GC invocations=22 (full 2):
 PSYoungGen      total 23040K, used 1554K [0x00000000d5580000, 0x00000000d7400000, 0x0000000100000000)
  eden space 20992K, 0% used [0x00000000d5580000,0x00000000d5580000,0x00000000d6a00000)
  from space 2048K, 75% used [0x00000000d7200000,0x00000000d7384a78,0x00000000d7400000)
  to   space 3584K, 0% used [0x00000000d6d00000,0x00000000d6d00000,0x00000000d7080000)
 ParOldGen       total 68608K, used 34349K [0x0000000080000000, 0x0000000084300000, 0x00000000d5580000)
  object space 68608K, 50% used [0x0000000080000000,0x000000008218b448,0x0000000084300000)
 Metaspace       used 37868K, committed 38784K, reserved 1114112K
  class space    used 3796K, committed 4224K, reserved 1048576K
}
Event: 18.635 GC heap before
{Heap before GC invocations=23 (full 2):
 PSYoungGen      total 23040K, used 22515K [0x00000000d5580000, 0x00000000d7400000, 0x0000000100000000)
  eden space 20992K, 99% used [0x00000000d5580000,0x00000000d69f8508,0x00000000d6a00000)
  from space 2048K, 75% used [0x00000000d7200000,0x00000000d7384a78,0x00000000d7400000)
  to   space 3584K, 0% used [0x00000000d6d00000,0x00000000d6d00000,0x00000000d7080000)
 ParOldGen       total 68608K, used 34390K [0x0000000080000000, 0x0000000084300000, 0x00000000d5580000)
  object space 68608K, 50% used [0x0000000080000000,0x0000000082195830,0x0000000084300000)
 Metaspace       used 38946K, committed 39808K, reserved 1114112K
  class space    used 3889K, committed 4288K, reserved 1048576K
}
Event: 18.637 GC heap after
{Heap after GC invocations=23 (full 2):
 PSYoungGen      total 24576K, used 346K [0x00000000d5580000, 0x00000000d7280000, 0x0000000100000000)
  eden space 20992K, 0% used [0x00000000d5580000,0x00000000d5580000,0x00000000d6a00000)
  from space 3584K, 9% used [0x00000000d6d00000,0x00000000d6d56bb8,0x00000000d7080000)
  to   space 1536K, 0% used [0x00000000d7100000,0x00000000d7100000,0x00000000d7280000)
 ParOldGen       total 68608K, used 34686K [0x0000000080000000, 0x0000000084300000, 0x00000000d5580000)
  object space 68608K, 50% used [0x0000000080000000,0x00000000821dfb40,0x0000000084300000)
 Metaspace       used 38946K, committed 39808K, reserved 1114112K
  class space    used 3889K, committed 4288K, reserved 1048576K
}
Event: 20.656 GC heap before
{Heap before GC invocations=24 (full 2):
 PSYoungGen      total 24576K, used 21338K [0x00000000d5580000, 0x00000000d7280000, 0x0000000100000000)
  eden space 20992K, 100% used [0x00000000d5580000,0x00000000d6a00000,0x00000000d6a00000)
  from space 3584K, 9% used [0x00000000d6d00000,0x00000000d6d56bb8,0x00000000d7080000)
  to   space 1536K, 0% used [0x00000000d7100000,0x00000000d7100000,0x00000000d7280000)
 ParOldGen       total 68608K, used 34689K [0x0000000080000000, 0x0000000084300000, 0x00000000d5580000)
  object space 68608K, 50% used [0x0000000080000000,0x00000000821e04a0,0x0000000084300000)
 Metaspace       used 41614K, committed 42560K, reserved 1114112K
  class space    used 4116K, committed 4544K, reserved 1048576K
}
Event: 20.666 GC heap after
{Heap after GC invocations=24 (full 2):
 PSYoungGen      total 22528K, used 1522K [0x00000000d5580000, 0x00000000d7280000, 0x0000000100000000)
  eden space 20992K, 0% used [0x00000000d5580000,0x00000000d5580000,0x00000000d6a00000)
  from space 1536K, 99% used [0x00000000d7100000,0x00000000d727c9e0,0x00000000d7280000)
  to   space 3584K, 0% used [0x00000000d6b80000,0x00000000d6b80000,0x00000000d6f00000)
 ParOldGen       total 68608K, used 35926K [0x0000000080000000, 0x0000000084300000, 0x00000000d5580000)
  object space 68608K, 52% used [0x0000000080000000,0x00000000823159d0,0x0000000084300000)
 Metaspace       used 41614K, committed 42560K, reserved 1114112K
  class space    used 4116K, committed 4544K, reserved 1048576K
}

